[2021-01-11 10:29:09] app.ERROR: Data from PrestaShop Addons is invalid, and cannot fallback on cache.  {"exception":"cURL error 28: Operation timed out after 5005 milliseconds with 359599 bytes received"} []
[2021-01-11 10:29:09] app.INFO: Protect vendor folder in module contactform [] []
[2021-01-11 10:29:09] app.INFO: Module contactform has no vendor folder [] []
[2021-01-11 10:29:10] app.INFO: Protect vendor folder in module dashactivity [] []
[2021-01-11 10:29:10] app.INFO: Module dashactivity has no vendor folder [] []
[2021-01-11 10:29:11] app.INFO: Protect vendor folder in module dashgoals [] []
[2021-01-11 10:29:11] app.INFO: Module dashgoals has no vendor folder [] []
[2021-01-11 10:29:12] app.INFO: Protect vendor folder in module dashproducts [] []
[2021-01-11 10:29:12] app.INFO: Module dashproducts has no vendor folder [] []
[2021-01-11 10:29:12] app.INFO: Protect vendor folder in module dashtrends [] []
[2021-01-11 10:29:12] app.INFO: Module dashtrends has no vendor folder [] []
[2021-01-11 10:29:13] app.INFO: Protect vendor folder in module graphnvd3 [] []
[2021-01-11 10:29:13] app.INFO: Module graphnvd3 has no vendor folder [] []
[2021-01-11 10:29:13] app.INFO: Protect vendor folder in module gridhtml [] []
[2021-01-11 10:29:13] app.INFO: Module gridhtml has no vendor folder [] []
[2021-01-11 10:29:14] app.INFO: Protect vendor folder in module gsitemap [] []
[2021-01-11 10:29:14] app.INFO: Module gsitemap has no vendor folder [] []
[2021-01-11 10:29:14] app.INFO: Protect vendor folder in module pagesnotfound [] []
[2021-01-11 10:29:14] app.INFO: Module pagesnotfound has no vendor folder [] []
[2021-01-11 10:29:17] app.INFO: Protect vendor folder in module productcomments [] []
[2021-01-11 10:29:17] app.INFO: Module productcomments has no vendor folder [] []
[2021-01-11 10:29:17] app.INFO: Protect vendor folder in module ps_banner [] []
[2021-01-11 10:29:17] app.INFO: Module ps_banner has no vendor folder [] []
[2021-01-11 10:29:18] app.INFO: Protect vendor folder in module ps_categorytree [] []
[2021-01-11 10:29:18] app.INFO: Module ps_categorytree has no vendor folder [] []
[2021-01-11 10:29:18] app.INFO: Protect vendor folder in module ps_checkpayment [] []
[2021-01-11 10:29:18] app.INFO: Module ps_checkpayment has no vendor folder [] []
[2021-01-11 10:29:19] app.INFO: Protect vendor folder in module ps_contactinfo [] []
[2021-01-11 10:29:19] app.INFO: Module ps_contactinfo has no vendor folder [] []
[2021-01-11 10:29:19] app.INFO: Protect vendor folder in module ps_crossselling [] []
[2021-01-11 10:29:19] app.INFO: Module ps_crossselling has no vendor folder [] []
[2021-01-11 10:29:19] app.INFO: Protect vendor folder in module ps_currencyselector [] []
[2021-01-11 10:29:20] app.INFO: Module ps_currencyselector has no vendor folder [] []
[2021-01-11 10:29:20] app.INFO: Protect vendor folder in module ps_customeraccountlinks [] []
[2021-01-11 10:29:20] app.INFO: Module ps_customeraccountlinks has no vendor folder [] []
[2021-01-11 10:29:20] app.INFO: Protect vendor folder in module ps_customersignin [] []
[2021-01-11 10:29:20] app.INFO: Module ps_customersignin has no vendor folder [] []
[2021-01-11 10:29:21] app.INFO: Protect vendor folder in module ps_customtext [] []
[2021-01-11 10:29:21] app.INFO: Module ps_customtext has no vendor folder [] []
[2021-01-11 10:29:22] app.INFO: Protect vendor folder in module ps_dataprivacy [] []
[2021-01-11 10:29:22] app.INFO: Module ps_dataprivacy has no vendor folder [] []
[2021-01-11 10:29:23] app.INFO: Protect vendor folder in module ps_emailsubscription [] []
[2021-01-11 10:29:23] app.INFO: Module ps_emailsubscription has no vendor folder [] []
[2021-01-11 10:29:28] app.INFO: Protect vendor folder in module ps_facetedsearch [] []
[2021-01-11 10:29:28] app.INFO: Module ps_facetedsearch has no vendor folder [] []
[2021-01-11 10:29:28] app.INFO: Protect vendor folder in module ps_faviconnotificationbo [] []
[2021-01-11 10:29:28] app.INFO: Module ps_faviconnotificationbo has no vendor folder [] []
[2021-01-11 10:29:29] app.INFO: Protect vendor folder in module ps_featuredproducts [] []
[2021-01-11 10:29:29] app.INFO: Module ps_featuredproducts has no vendor folder [] []
[2021-01-11 10:29:30] app.INFO: Protect vendor folder in module ps_imageslider [] []
[2021-01-11 10:29:30] app.INFO: Module ps_imageslider has no vendor folder [] []
[2021-01-11 10:29:31] app.INFO: Protect vendor folder in module ps_languageselector [] []
[2021-01-11 10:29:31] app.INFO: Module ps_languageselector has no vendor folder [] []
[2021-01-11 10:29:32] app.INFO: Protect vendor folder in module ps_linklist [] []
[2021-01-11 10:29:32] app.INFO: Module ps_linklist has no vendor folder [] []
[2021-01-11 10:29:32] app.ERROR: Cannot register tab "AdminLinkWidget" because it already exists [] []
[2021-01-11 10:29:34] app.INFO: Protect vendor folder in module ps_mainmenu [] []
[2021-01-11 10:29:34] app.INFO: Module ps_mainmenu has no vendor folder [] []
[2021-01-11 10:29:34] app.INFO: Protect vendor folder in module ps_searchbar [] []
[2021-01-11 10:29:34] app.INFO: Module ps_searchbar has no vendor folder [] []
[2021-01-11 10:29:34] app.INFO: Protect vendor folder in module ps_sharebuttons [] []
[2021-01-11 10:29:34] app.INFO: Module ps_sharebuttons has no vendor folder [] []
[2021-01-11 10:29:35] app.INFO: Protect vendor folder in module ps_shoppingcart [] []
[2021-01-11 10:29:35] app.INFO: Module ps_shoppingcart has no vendor folder [] []
[2021-01-11 10:29:35] app.INFO: Protect vendor folder in module ps_socialfollow [] []
[2021-01-11 10:29:35] app.INFO: Module ps_socialfollow has no vendor folder [] []
[2021-01-11 10:29:36] app.INFO: Protect vendor folder in module ps_themecusto [] []
[2021-01-11 10:29:36] app.INFO: Module ps_themecusto has no vendor folder [] []
[2021-01-11 10:29:37] app.INFO: Protect vendor folder in module ps_wirepayment [] []
[2021-01-11 10:29:37] app.INFO: Module ps_wirepayment has no vendor folder [] []
[2021-01-11 10:29:38] app.INFO: Protect vendor folder in module sekeywords [] []
[2021-01-11 10:29:38] app.INFO: Module sekeywords has no vendor folder [] []
[2021-01-11 10:29:38] app.INFO: Protect vendor folder in module statsbestcategories [] []
[2021-01-11 10:29:38] app.INFO: Module statsbestcategories has no vendor folder [] []
[2021-01-11 10:29:38] app.INFO: Protect vendor folder in module statsbestcustomers [] []
[2021-01-11 10:29:38] app.INFO: Module statsbestcustomers has no vendor folder [] []
[2021-01-11 10:29:39] app.INFO: Protect vendor folder in module statsbestproducts [] []
[2021-01-11 10:29:39] app.INFO: Module statsbestproducts has no vendor folder [] []
[2021-01-11 10:29:39] app.INFO: Protect vendor folder in module statsbestsuppliers [] []
[2021-01-11 10:29:39] app.INFO: Module statsbestsuppliers has no vendor folder [] []
[2021-01-11 10:29:39] app.INFO: Protect vendor folder in module statsbestvouchers [] []
[2021-01-11 10:29:39] app.INFO: Module statsbestvouchers has no vendor folder [] []
[2021-01-11 10:29:40] app.INFO: Protect vendor folder in module statscarrier [] []
[2021-01-11 10:29:40] app.INFO: Module statscarrier has no vendor folder [] []
[2021-01-11 10:29:40] app.INFO: Protect vendor folder in module statscatalog [] []
[2021-01-11 10:29:40] app.INFO: Module statscatalog has no vendor folder [] []
[2021-01-11 10:29:40] app.INFO: Protect vendor folder in module statscheckup [] []
[2021-01-11 10:29:40] app.INFO: Module statscheckup has no vendor folder [] []
[2021-01-11 10:29:41] app.INFO: Protect vendor folder in module statsdata [] []
[2021-01-11 10:29:41] app.INFO: Module statsdata has no vendor folder [] []
[2021-01-11 10:29:41] app.INFO: Protect vendor folder in module statsequipment [] []
[2021-01-11 10:29:41] app.INFO: Module statsequipment has no vendor folder [] []
[2021-01-11 10:29:41] app.INFO: Protect vendor folder in module statsforecast [] []
[2021-01-11 10:29:41] app.INFO: Module statsforecast has no vendor folder [] []
[2021-01-11 10:29:42] app.INFO: Protect vendor folder in module statslive [] []
[2021-01-11 10:29:42] app.INFO: Module statslive has no vendor folder [] []
[2021-01-11 10:29:42] app.INFO: Protect vendor folder in module statsnewsletter [] []
[2021-01-11 10:29:42] app.INFO: Module statsnewsletter has no vendor folder [] []
[2021-01-11 10:29:42] app.INFO: Protect vendor folder in module statsorigin [] []
[2021-01-11 10:29:42] app.INFO: Module statsorigin has no vendor folder [] []
[2021-01-11 10:29:43] app.INFO: Protect vendor folder in module statspersonalinfos [] []
[2021-01-11 10:29:43] app.INFO: Module statspersonalinfos has no vendor folder [] []
[2021-01-11 10:29:43] app.INFO: Protect vendor folder in module statsproduct [] []
[2021-01-11 10:29:43] app.INFO: Module statsproduct has no vendor folder [] []
[2021-01-11 10:29:43] app.INFO: Protect vendor folder in module statsregistrations [] []
[2021-01-11 10:29:43] app.INFO: Module statsregistrations has no vendor folder [] []
[2021-01-11 10:29:44] app.INFO: Protect vendor folder in module statssales [] []
[2021-01-11 10:29:44] app.INFO: Module statssales has no vendor folder [] []
[2021-01-11 10:29:44] app.INFO: Protect vendor folder in module statssearch [] []
[2021-01-11 10:29:44] app.INFO: Module statssearch has no vendor folder [] []
[2021-01-11 10:29:45] app.INFO: Protect vendor folder in module statsstock [] []
[2021-01-11 10:29:45] app.INFO: Module statsstock has no vendor folder [] []
[2021-01-11 10:29:45] app.INFO: Protect vendor folder in module statsvisits [] []
[2021-01-11 10:29:45] app.INFO: Module statsvisits has no vendor folder [] []
[2021-01-11 10:29:46] app.INFO: Protect vendor folder in module welcome [] []
[2021-01-11 10:29:46] app.INFO: Module welcome has no vendor folder [] []
[2021-01-11 10:29:54] app.INFO: Exporting mail with theme modern for language Français (French) [] []
[2021-01-11 10:29:54] app.INFO: Core output folder: C:\wamp64\www\prestashop/mails [] []
[2021-01-11 10:29:54] app.INFO: Modules output folder: C:\wamp64\www\prestashop/modules/ [] []
[2021-01-11 10:31:46] app.ERROR: Data from PrestaShop Addons is invalid, and cannot fallback on cache.  {"exception":"cURL error 28: Operation timed out after 5002 milliseconds with 87925 bytes received"} []
[2021-01-11 10:31:48] app.INFO: Protect vendor folder in module gamification [] []
[2021-01-11 10:31:49] app.INFO: Protect vendor folder in module emarketing [] []
[2021-01-11 10:31:49] app.INFO: Protect vendor folder in module psaddonsconnect [] []
[2021-01-11 10:31:51] app.INFO: Protect vendor folder in module psgdpr [] []
[2021-01-11 10:31:53] app.INFO: Protect vendor folder in module ps_mbo [] []
[2021-01-11 10:31:53] app.INFO: Protect vendor folder in module ps_buybuttonlite [] []
[2021-01-11 10:31:57] app.INFO: Protect vendor folder in module ps_checkout [] []
[2021-01-11 10:32:02] app.INFO: Exporting mail with theme modern for language Français (French) [] []
[2021-01-11 10:32:02] app.INFO: Core output folder: C:\wamp64\www\prestashop/mails [] []
[2021-01-11 10:32:02] app.INFO: Modules output folder: C:\wamp64\www\prestashop/modules/ [] []
[2021-01-11 15:56:31] request.INFO: Matched route "admin_themes_enable". {"route":"admin_themes_enable","route_parameters":{"_controller":"PrestaShopBundle\\Controller\\Admin\\Improve\\Design\\ThemeController::enableAction","_legacy_controller":"AdminThemes","_legacy_link":"AdminThemes:enableTheme","_legacy_parameters":{"theme_name":"themeName"},"themeName":"Bob","_route":"admin_themes_enable"},"request_uri":"http://localhost/prestashop/admin159mlocu6/index.php/improve/design/themes/Bob/enable?_token=Vbeg5jqFdOSD0vfSDQiP60wDqf41v7kpb1mlNADLECo","method":"POST"} []
[2021-01-11 15:56:31] security.DEBUG: Read existing security token from the session. {"key":"_security_main","token_class":"Symfony\\Component\\Security\\Core\\Authentication\\Token\\UsernamePasswordToken"} []
[2021-01-11 15:56:31] security.DEBUG: User was reloaded from a user provider. {"provider":"PrestaShopBundle\\Security\\Admin\\EmployeeProvider","username":"wormz91@hotmail.fr"} []
[2021-01-11 15:56:31] request.CRITICAL: Uncaught PHP Exception PrestaShopException: "[ThemeRepository] Theme configuration file not found for theme at `C:\wamp64\www\prestashop/themes/Bob/config/theme.yml`." at C:\wamp64\www\prestashop\src\Core\Addon\Theme\ThemeRepository.php line 145 {"exception":"[object] (PrestaShopException(code: 0): [ThemeRepository] Theme configuration file not found for theme at `C:\\wamp64\\www\\prestashop/themes/Bob/config/theme.yml`. at C:\\wamp64\\www\\prestashop\\src\\Core\\Addon\\Theme\\ThemeRepository.php:145)"} []
[2021-01-11 15:56:32] security.DEBUG: Stored the security token in the session. {"key":"_security_main"} []
[2021-01-11 15:56:47] request.INFO: Matched route "admin_themes_delete". {"route":"admin_themes_delete","route_parameters":{"_controller":"PrestaShopBundle\\Controller\\Admin\\Improve\\Design\\ThemeController::deleteAction","_legacy_controller":"AdminThemes","_legacy_link":"AdminThemes:deleteTheme","_legacy_parameters":{"theme_name":"themeName"},"themeName":"Bob","_route":"admin_themes_delete"},"request_uri":"http://localhost/prestashop/admin159mlocu6/index.php/improve/design/themes/Bob/delete?_token=Vbeg5jqFdOSD0vfSDQiP60wDqf41v7kpb1mlNADLECo","method":"POST"} []
[2021-01-11 15:56:47] security.DEBUG: Read existing security token from the session. {"key":"_security_main","token_class":"Symfony\\Component\\Security\\Core\\Authentication\\Token\\UsernamePasswordToken"} []
[2021-01-11 15:56:47] security.DEBUG: User was reloaded from a user provider. {"provider":"PrestaShopBundle\\Security\\Admin\\EmployeeProvider","username":"wormz91@hotmail.fr"} []
[2021-01-11 15:56:47] request.CRITICAL: Uncaught PHP Exception PrestaShopException: "[ThemeRepository] Theme configuration file not found for theme at `C:\wamp64\www\prestashop/themes/Bob/config/theme.yml`." at C:\wamp64\www\prestashop\src\Core\Addon\Theme\ThemeRepository.php line 145 {"exception":"[object] (PrestaShopException(code: 0): [ThemeRepository] Theme configuration file not found for theme at `C:\\wamp64\\www\\prestashop/themes/Bob/config/theme.yml`. at C:\\wamp64\\www\\prestashop\\src\\Core\\Addon\\Theme\\ThemeRepository.php:145)"} []
[2021-01-11 15:56:47] security.DEBUG: Stored the security token in the session. {"key":"_security_main"} []
[2021-01-11 15:57:04] request.INFO: Matched route "admin_themes_delete". {"route":"admin_themes_delete","route_parameters":{"_controller":"PrestaShopBundle\\Controller\\Admin\\Improve\\Design\\ThemeController::deleteAction","_legacy_controller":"AdminThemes","_legacy_link":"AdminThemes:deleteTheme","_legacy_parameters":{"theme_name":"themeName"},"themeName":"Bob","_route":"admin_themes_delete"},"request_uri":"http://localhost/prestashop/admin159mlocu6/index.php/improve/design/themes/Bob/delete?_token=Vbeg5jqFdOSD0vfSDQiP60wDqf41v7kpb1mlNADLECo","method":"POST"} []
[2021-01-11 15:57:04] security.DEBUG: Read existing security token from the session. {"key":"_security_main","token_class":"Symfony\\Component\\Security\\Core\\Authentication\\Token\\UsernamePasswordToken"} []
[2021-01-11 15:57:04] security.DEBUG: User was reloaded from a user provider. {"provider":"PrestaShopBundle\\Security\\Admin\\EmployeeProvider","username":"wormz91@hotmail.fr"} []
[2021-01-11 15:57:04] request.CRITICAL: Uncaught PHP Exception PrestaShopException: "[ThemeRepository] Theme configuration file not found for theme at `C:\wamp64\www\prestashop/themes/Bob/config/theme.yml`." at C:\wamp64\www\prestashop\src\Core\Addon\Theme\ThemeRepository.php line 145 {"exception":"[object] (PrestaShopException(code: 0): [ThemeRepository] Theme configuration file not found for theme at `C:\\wamp64\\www\\prestashop/themes/Bob/config/theme.yml`. at C:\\wamp64\\www\\prestashop\\src\\Core\\Addon\\Theme\\ThemeRepository.php:145)"} []
[2021-01-11 15:57:04] security.DEBUG: Stored the security token in the session. {"key":"_security_main"} []
[2021-01-11 15:57:08] request.INFO: Matched route "admin_themes_delete". {"route":"admin_themes_delete","route_parameters":{"_controller":"PrestaShopBundle\\Controller\\Admin\\Improve\\Design\\ThemeController::deleteAction","_legacy_controller":"AdminThemes","_legacy_link":"AdminThemes:deleteTheme","_legacy_parameters":{"theme_name":"themeName"},"themeName":"Bob","_route":"admin_themes_delete"},"request_uri":"http://localhost/prestashop/admin159mlocu6/index.php/improve/design/themes/Bob/delete?_token=Vbeg5jqFdOSD0vfSDQiP60wDqf41v7kpb1mlNADLECo","method":"POST"} []
[2021-01-11 15:57:08] security.DEBUG: Read existing security token from the session. {"key":"_security_main","token_class":"Symfony\\Component\\Security\\Core\\Authentication\\Token\\UsernamePasswordToken"} []
[2021-01-11 15:57:08] security.DEBUG: User was reloaded from a user provider. {"provider":"PrestaShopBundle\\Security\\Admin\\EmployeeProvider","username":"wormz91@hotmail.fr"} []
[2021-01-11 15:57:08] request.CRITICAL: Uncaught PHP Exception PrestaShopException: "[ThemeRepository] Theme configuration file not found for theme at `C:\wamp64\www\prestashop/themes/Bob/config/theme.yml`." at C:\wamp64\www\prestashop\src\Core\Addon\Theme\ThemeRepository.php line 145 {"exception":"[object] (PrestaShopException(code: 0): [ThemeRepository] Theme configuration file not found for theme at `C:\\wamp64\\www\\prestashop/themes/Bob/config/theme.yml`. at C:\\wamp64\\www\\prestashop\\src\\Core\\Addon\\Theme\\ThemeRepository.php:145)"} []
[2021-01-11 15:57:08] security.DEBUG: Stored the security token in the session. {"key":"_security_main"} []
[2021-01-11 15:58:01] request.INFO: Matched route "admin_themes_delete". {"route":"admin_themes_delete","route_parameters":{"_controller":"PrestaShopBundle\\Controller\\Admin\\Improve\\Design\\ThemeController::deleteAction","_legacy_controller":"AdminThemes","_legacy_link":"AdminThemes:deleteTheme","_legacy_parameters":{"theme_name":"themeName"},"themeName":"Bob","_route":"admin_themes_delete"},"request_uri":"http://localhost/prestashop/admin159mlocu6/index.php/improve/design/themes/Bob/delete?_token=Vbeg5jqFdOSD0vfSDQiP60wDqf41v7kpb1mlNADLECo","method":"POST"} []
[2021-01-11 15:58:01] security.DEBUG: Read existing security token from the session. {"key":"_security_main","token_class":"Symfony\\Component\\Security\\Core\\Authentication\\Token\\UsernamePasswordToken"} []
[2021-01-11 15:58:01] security.DEBUG: User was reloaded from a user provider. {"provider":"PrestaShopBundle\\Security\\Admin\\EmployeeProvider","username":"wormz91@hotmail.fr"} []
[2021-01-11 15:58:01] request.CRITICAL: Uncaught PHP Exception PrestaShopException: "[ThemeRepository] Theme configuration file not found for theme at `C:\wamp64\www\prestashop/themes/Bob/config/theme.yml`." at C:\wamp64\www\prestashop\src\Core\Addon\Theme\ThemeRepository.php line 145 {"exception":"[object] (PrestaShopException(code: 0): [ThemeRepository] Theme configuration file not found for theme at `C:\\wamp64\\www\\prestashop/themes/Bob/config/theme.yml`. at C:\\wamp64\\www\\prestashop\\src\\Core\\Addon\\Theme\\ThemeRepository.php:145)"} []
[2021-01-11 15:58:01] security.DEBUG: Stored the security token in the session. {"key":"_security_main"} []
[2021-01-11 15:58:38] request.INFO: Matched route "admin_themes_delete". {"route":"admin_themes_delete","route_parameters":{"_controller":"PrestaShopBundle\\Controller\\Admin\\Improve\\Design\\ThemeController::deleteAction","_legacy_controller":"AdminThemes","_legacy_link":"AdminThemes:deleteTheme","_legacy_parameters":{"theme_name":"themeName"},"themeName":"Bob","_route":"admin_themes_delete"},"request_uri":"http://localhost/prestashop/admin159mlocu6/index.php/improve/design/themes/Bob/delete?_token=Vbeg5jqFdOSD0vfSDQiP60wDqf41v7kpb1mlNADLECo","method":"POST"} []
[2021-01-11 15:58:38] security.DEBUG: Read existing security token from the session. {"key":"_security_main","token_class":"Symfony\\Component\\Security\\Core\\Authentication\\Token\\UsernamePasswordToken"} []
[2021-01-11 15:58:38] security.DEBUG: User was reloaded from a user provider. {"provider":"PrestaShopBundle\\Security\\Admin\\EmployeeProvider","username":"wormz91@hotmail.fr"} []
[2021-01-11 15:58:38] request.CRITICAL: Uncaught PHP Exception PrestaShopException: "[ThemeRepository] Theme configuration file not found for theme at `C:\wamp64\www\prestashop/themes/Bob/config/theme.yml`." at C:\wamp64\www\prestashop\src\Core\Addon\Theme\ThemeRepository.php line 145 {"exception":"[object] (PrestaShopException(code: 0): [ThemeRepository] Theme configuration file not found for theme at `C:\\wamp64\\www\\prestashop/themes/Bob/config/theme.yml`. at C:\\wamp64\\www\\prestashop\\src\\Core\\Addon\\Theme\\ThemeRepository.php:145)"} []
[2021-01-11 15:58:38] security.DEBUG: Stored the security token in the session. {"key":"_security_main"} []
[2021-01-11 15:59:43] request.INFO: Matched route "admin_themes_delete". {"route":"admin_themes_delete","route_parameters":{"_controller":"PrestaShopBundle\\Controller\\Admin\\Improve\\Design\\ThemeController::deleteAction","_legacy_controller":"AdminThemes","_legacy_link":"AdminThemes:deleteTheme","_legacy_parameters":{"theme_name":"themeName"},"themeName":"Bob","_route":"admin_themes_delete"},"request_uri":"http://localhost/prestashop/admin159mlocu6/index.php/improve/design/themes/Bob/delete?_token=Vbeg5jqFdOSD0vfSDQiP60wDqf41v7kpb1mlNADLECo","method":"POST"} []
[2021-01-11 15:59:43] security.DEBUG: Read existing security token from the session. {"key":"_security_main","token_class":"Symfony\\Component\\Security\\Core\\Authentication\\Token\\UsernamePasswordToken"} []
[2021-01-11 15:59:43] security.DEBUG: User was reloaded from a user provider. {"provider":"PrestaShopBundle\\Security\\Admin\\EmployeeProvider","username":"wormz91@hotmail.fr"} []
[2021-01-11 15:59:43] request.CRITICAL: Uncaught PHP Exception PrestaShopException: "[ThemeRepository] Theme configuration file not found for theme at `C:\wamp64\www\prestashop/themes/Bob/config/theme.yml`." at C:\wamp64\www\prestashop\src\Core\Addon\Theme\ThemeRepository.php line 145 {"exception":"[object] (PrestaShopException(code: 0): [ThemeRepository] Theme configuration file not found for theme at `C:\\wamp64\\www\\prestashop/themes/Bob/config/theme.yml`. at C:\\wamp64\\www\\prestashop\\src\\Core\\Addon\\Theme\\ThemeRepository.php:145)"} []
[2021-01-11 15:59:43] security.DEBUG: Stored the security token in the session. {"key":"_security_main"} []
